<?xml version="1.0" encoding="UTF-8"?>
<!-- Generated by org.testng.reporters.JUnitReportReporter -->
<testsuite skipped="0" hostname="DESKTOP-QM8TFT5" name="excelsheethandling.Excelpractice" tests="2" failures="0" timestamp="17 Apr 2019 17:15:58 GMT" time="0.008" errors="0">
  <testcase name="mtd" time="0.004" classname="excelsheethandling.Excelpractice"/>
  <testcase name="mtd" time="0.004" classname="excelsheethandling.Excelpractice"/>
</testsuite> <!-- excelsheethandling.Excelpractice -->
