<?xml version="1.0" encoding="UTF-8"?>
<!-- Generated by org.testng.reporters.JUnitReportReporter -->
<testsuite skipped="0" hostname="DESKTOP-QM8TFT5" name="webtablehandling.WebTableHandling" tests="1" failures="0" timestamp="07 Apr 2019 15:38:01 GMT" time="2.595" errors="0">
  <testcase name="WebTable" time="2.595" classname="webtablehandling.WebTableHandling"/>
</testsuite> <!-- webtablehandling.WebTableHandling -->
