<?xml version="1.0" encoding="UTF-8"?>
<!-- Generated by org.testng.reporters.JUnitReportReporter -->
<testsuite skipped="0" hostname="DESKTOP-QM8TFT5" name="seleniumbasics.AlertHandling1" tests="1" failures="0" timestamp="01 Dec 2017 13:20:57 GMT" time="2.225" errors="0">
  <testcase name="AlertHandling" time="2.225" classname="seleniumbasics.AlertHandling1"/>
</testsuite> <!-- seleniumbasics.AlertHandling1 -->
