<?xml version="1.0" encoding="UTF-8"?>
<!-- Generated by org.testng.reporters.JUnitReportReporter -->
<testsuite skipped="0" hostname="DESKTOP-QM8TFT5" name="testNgTutorial.GroupTest" tests="2" failures="0" timestamp="23 Apr 2019 11:03:14 GMT" time="0.016" errors="0">
  <testcase name="Test1" time="0.012" classname="testNgTutorial.GroupTest"/>
  <testcase name="Test2" time="0.004" classname="testNgTutorial.GroupTest"/>
</testsuite> <!-- testNgTutorial.GroupTest -->
