<?xml version="1.0" encoding="UTF-8"?>
<!-- Generated by org.testng.reporters.JUnitReportReporter -->
<testsuite skipped="0" hostname="DESKTOP-QM8TFT5" name="seleniumWaitCommands.Implicitwait" tests="1" failures="0" timestamp="07 Jan 2018 15:19:22 GMT" time="10.054" errors="0">
  <testcase name="Implicitex" time="10.054" classname="seleniumWaitCommands.Implicitwait"/>
</testsuite> <!-- seleniumWaitCommands.Implicitwait -->
