<?xml version="1.0" encoding="UTF-8"?>
<!-- Generated by org.testng.reporters.JUnitReportReporter -->
<testsuite skipped="0" hostname="DESKTOP-QM8TFT5" name="screenshotExample.ScreenShotCapture" tests="1" failures="0" timestamp="05 Jan 2018 14:48:55 GMT" time="3.847" errors="0">
  <testcase name="ScreenCapture" time="3.847" classname="screenshotExample.ScreenShotCapture"/>
</testsuite> <!-- screenshotExample.ScreenShotCapture -->
