<?xml version="1.0" encoding="UTF-8"?>
<!-- Generated by org.testng.reporters.JUnitReportReporter -->
<testsuite skipped="0" hostname="DESKTOP-QM8TFT5" name="windowHandling.WindowHandling" tests="1" failures="0" timestamp="16 Jan 2018 15:27:42 GMT" time="5.090" errors="0">
  <testcase name="WindowHandlingex" time="5.090" classname="windowHandling.WindowHandling"/>
</testsuite> <!-- windowHandling.WindowHandling -->
