<?xml version="1.0" encoding="UTF-8"?>
<!-- Generated by org.testng.reporters.JUnitReportReporter -->
<testsuite skipped="2" hostname="DESKTOP-QM8TFT5" name="testNgTutorial.RetryClassTest" tests="4" failures="0" timestamp="23 Apr 2019 12:24:44 GMT" time="0.016" errors="0">
  <testcase name="Test1" time="0.002" classname="testNgTutorial.RetryClassTest"/>
  <testcase name="Test2" time="0.001" classname="testNgTutorial.RetryClassTest"/>
  <testcase name="Test1" time="0.001" classname="testNgTutorial.RetryClassTest">
    <skipped/>
  </testcase> <!-- Test1 -->
  <testcase name="Test1" time="0.012" classname="testNgTutorial.RetryClassTest">
    <skipped/>
  </testcase> <!-- Test1 -->
</testsuite> <!-- testNgTutorial.RetryClassTest -->
