<?xml version="1.0" encoding="UTF-8"?>
<!-- Generated by org.testng.reporters.JUnitReportReporter -->
<testsuite skipped="0" hostname="DESKTOP-QM8TFT5" name="excelsheethandling.ExcelReading" tests="1" failures="0" timestamp="12 Dec 2018 05:42:48 GMT" time="0.009" errors="0">
  <testcase name="excelreading" time="0.009" classname="excelsheethandling.ExcelReading"/>
</testsuite> <!-- excelsheethandling.ExcelReading -->
