<?xml version="1.0" encoding="UTF-8"?>
<!-- Generated by org.testng.reporters.JUnitReportReporter -->
<testsuite skipped="0" hostname="DESKTOP-QM8TFT5" name="testNgTutorial.TestNgPriorityTest" tests="3" failures="0" timestamp="29 Jul 2018 03:14:58 GMT" time="0.000" errors="0">
  <testcase name="Test2" time="0.000" classname="testNgTutorial.TestNgPriorityTest"/>
  <testcase name="Test1" time="0.000" classname="testNgTutorial.TestNgPriorityTest"/>
  <testcase name="Test3" time="0.000" classname="testNgTutorial.TestNgPriorityTest"/>
</testsuite> <!-- testNgTutorial.TestNgPriorityTest -->
