<?xml version="1.0" encoding="UTF-8"?>
<!-- Generated by org.testng.reporters.JUnitReportReporter -->
<testsuite skipped="0" hostname="DESKTOP-QM8TFT5" name="radiobuttonAndCheckBox.RadioButtonAndCheckBox" tests="1" failures="0" timestamp="09 Dec 2018 06:23:04 GMT" time="10.787" errors="0">
  <testcase name="RadioButtonex" time="10.787" classname="radiobuttonAndCheckBox.RadioButtonAndCheckBox"/>
</testsuite> <!-- radiobuttonAndCheckBox.RadioButtonAndCheckBox -->
