<?xml version="1.0" encoding="UTF-8"?>
<!-- Generated by org.testng.reporters.JUnitReportReporter -->
<testsuite skipped="0" hostname="DESKTOP-QM8TFT5" name="alerthandling.ConfirmBox" tests="1" failures="0" timestamp="05 Jan 2018 15:28:21 GMT" time="6.530" errors="0">
  <testcase name="ConfirmBox1" time="6.530" classname="alerthandling.ConfirmBox"/>
</testsuite> <!-- alerthandling.ConfirmBox -->
