<?xml version="1.0" encoding="UTF-8"?>
<!-- Generated by org.testng.reporters.JUnitReportReporter -->
<testsuite skipped="0" hostname="DESKTOP-QM8TFT5" name="mousehover.MouseHoverExample" tests="1" failures="0" timestamp="20 Apr 2019 04:41:09 GMT" time="4.940" errors="0">
  <testcase name="Mousehover" time="4.940" classname="mousehover.MouseHoverExample"/>
</testsuite> <!-- mousehover.MouseHoverExample -->
