<?xml version="1.0" encoding="UTF-8"?>
<!-- Generated by org.testng.reporters.JUnitReportReporter -->
<testsuite skipped="0" hostname="DESKTOP-QM8TFT5" name="testNgTutorial.MultiBrowser" tests="2" failures="0" timestamp="23 Apr 2019 11:36:05 GMT" time="0.217" errors="0">
  <testcase name="DragDrop1" time="0.135" classname="testNgTutorial.MultiBrowser"/>
  <testcase name="DragDrop1" time="0.082" classname="testNgTutorial.MultiBrowser"/>
</testsuite> <!-- testNgTutorial.MultiBrowser -->
