<?xml version="1.0" encoding="UTF-8"?>
<!-- Generated by org.testng.reporters.JUnitReportReporter -->
<testsuite skipped="0" hostname="DESKTOP-QM8TFT5" name="testNgTutorial.DataProviderTest" tests="2" failures="0" timestamp="07 Apr 2019 11:45:28 GMT" time="0.015" errors="0">
  <testcase name="DataProvidertest" time="0.015" classname="testNgTutorial.DataProviderTest"/>
  <testcase name="DataProvidertest" time="0.000" classname="testNgTutorial.DataProviderTest"/>
</testsuite> <!-- testNgTutorial.DataProviderTest -->
