<?xml version="1.0" encoding="UTF-8"?>
<!-- Generated by org.testng.reporters.JUnitReportReporter -->
<testsuite skipped="0" hostname="DESKTOP-QM8TFT5" name="testNgTutorial.TestNgAnnotations" tests="2" failures="0" timestamp="23 Apr 2019 10:39:16 GMT" time="0.015" errors="0">
  <testcase name="Test2" time="0.000" classname="testNgTutorial.TestNgAnnotations"/>
  <testcase name="Test1" time="0.015" classname="testNgTutorial.TestNgAnnotations"/>
</testsuite> <!-- testNgTutorial.TestNgAnnotations -->
