<?xml version="1.0" encoding="UTF-8"?>
<!-- Generated by org.testng.reporters.JUnitReportReporter -->
<testsuite skipped="0" hostname="DESKTOP-QM8TFT5" name="testNgTutorial.ParametersExample" tests="1" failures="0" timestamp="23 Apr 2019 10:42:31 GMT" time="0.016" errors="0">
  <testcase name="parametersEx" time="0.016" classname="testNgTutorial.ParametersExample"/>
</testsuite> <!-- testNgTutorial.ParametersExample -->
