<?xml version="1.0" encoding="UTF-8"?>
<!-- Generated by org.testng.reporters.JUnitReportReporter -->
<testsuite skipped="0" hostname="DESKTOP-QM8TFT5" name="alerthandling.PromptAlert" tests="1" failures="0" timestamp="17 Apr 2019 16:50:56 GMT" time="4.505" errors="0">
  <testcase name="PromptAlert1" time="4.505" classname="alerthandling.PromptAlert"/>
</testsuite> <!-- alerthandling.PromptAlert -->
