<?xml version="1.0" encoding="UTF-8"?>
<!-- Generated by org.testng.reporters.JUnitReportReporter -->
<testsuite skipped="0" hostname="DESKTOP-QM8TFT5" name="seleniumWaitCommands.FluentwaitEx" tests="1" failures="0" timestamp="09 Dec 2018 15:12:00 GMT" time="36.415" errors="0">
  <testcase name="Fluentex" time="36.415" classname="seleniumWaitCommands.FluentwaitEx"/>
</testsuite> <!-- seleniumWaitCommands.FluentwaitEx -->
