<?xml version="1.0" encoding="UTF-8"?>
<!-- Generated by org.testng.reporters.JUnitReportReporter -->
<testsuite skipped="0" hostname="DESKTOP-QM8TFT5" name="framehandling.FrameHAndling1" tests="1" failures="0" timestamp="20 Apr 2019 04:19:22 GMT" time="10.486" errors="0">
  <testcase name="FrameHandle" time="10.486" classname="framehandling.FrameHAndling1"/>
</testsuite> <!-- framehandling.FrameHAndling1 -->
