<?xml version="1.0" encoding="UTF-8"?>
<!-- Generated by org.testng.reporters.JUnitReportReporter -->
<testsuite skipped="0" hostname="DESKTOP-QM8TFT5" name="draganddrophandling.DragAndDrop" tests="1" failures="0" timestamp="29 Dec 2018 15:17:58 GMT" time="4.490" errors="0">
  <testcase name="DragDrop1" time="4.490" classname="draganddrophandling.DragAndDrop"/>
</testsuite> <!-- draganddrophandling.DragAndDrop -->
