<?xml version="1.0" encoding="UTF-8"?>
<!-- Generated by org.testng.reporters.JUnitReportReporter -->
<testsuite skipped="0" hostname="DESKTOP-QM8TFT5" name="testNgTutorial.ListenersAtClassLevel" tests="1" failures="0" timestamp="23 Apr 2019 11:51:19 GMT" time="0.008" errors="0">
  <testcase name="mtd" time="0.008" classname="testNgTutorial.ListenersAtClassLevel"/>
</testsuite> <!-- testNgTutorial.ListenersAtClassLevel -->
