<?xml version="1.0" encoding="UTF-8"?>
<!-- Generated by org.testng.reporters.JUnitReportReporter -->
<testsuite skipped="0" hostname="DESKTOP-QM8TFT5" name="excelsheethandling.ExcelWrite" tests="1" failures="0" timestamp="09 Dec 2018 05:56:44 GMT" time="0.703" errors="0">
  <testcase name="ExcelWrite" time="0.703" classname="excelsheethandling.ExcelWrite"/>
</testsuite> <!-- excelsheethandling.ExcelWrite -->
