<?xml version="1.0" encoding="UTF-8"?>
<!-- Generated by org.testng.reporters.JUnitReportReporter -->
<testsuite skipped="0" hostname="DESKTOP-QM8TFT5" name="seleniumWaitCommands.FluentwaitEx1" tests="1" failures="0" timestamp="13 Dec 2017 17:10:41 GMT" time="8.973" errors="0">
  <testcase name="Fluentex" time="8.973" classname="seleniumWaitCommands.FluentwaitEx1"/>
</testsuite> <!-- seleniumWaitCommands.FluentwaitEx1 -->
