<?xml version="1.0" encoding="UTF-8"?>
<!-- Generated by org.testng.reporters.JUnitReportReporter -->
<testsuite skipped="0" hostname="DESKTOP-QM8TFT5" name="seleniumbasics.CopyOfGettagNameCommand" tests="1" failures="0" timestamp="20 Apr 2019 04:58:26 GMT" time="3.739" errors="0">
  <testcase name="GetTagName" time="3.739" classname="seleniumbasics.CopyOfGettagNameCommand"/>
</testsuite> <!-- seleniumbasics.CopyOfGettagNameCommand -->
